2020-03-28 19:35:59.190 [main] INFO  com.mfq.edu.App - Starting App on mfq with PID 1036 (E:\javaProjects\online-edu-parent\service\service-edu\target\classes started by ac‘ in E:\javaProjects\online-edu-parent)
2020-03-28 19:35:59.194 [main] INFO  com.mfq.edu.App - The following profiles are active: dev
2020-03-28 19:36:00.623 [main] INFO  o.s.d.r.config.RepositoryConfigurationDelegate - Multiple Spring Data modules found, entering strict repository configuration mode!
2020-03-28 19:36:00.626 [main] INFO  o.s.d.r.config.RepositoryConfigurationDelegate - Bootstrapping Spring Data repositories in DEFAULT mode.
2020-03-28 19:36:00.682 [main] INFO  o.s.d.r.config.RepositoryConfigurationDelegate - Finished Spring Data repository scanning in 24ms. Found 0 repository interfaces.
2020-03-28 19:36:01.107 [main] INFO  o.s.c.s.PostProcessorRegistrationDelegate$BeanPostProcessorChecker - Bean 'org.springframework.transaction.annotation.ProxyTransactionManagementConfiguration' of type [org.springframework.transaction.annotation.ProxyTransactionManagementConfiguration] is not eligible for getting processed by all BeanPostProcessors (for example: not eligible for auto-proxying)
2020-03-28 19:36:01.528 [main] INFO  o.s.boot.web.embedded.tomcat.TomcatWebServer - Tomcat initialized with port(s): 8001 (http)
2020-03-28 19:36:01.536 [main] INFO  org.apache.coyote.http11.Http11NioProtocol - Initializing ProtocolHandler ["http-nio-8001"]
2020-03-28 19:36:01.537 [main] INFO  org.apache.catalina.core.StandardService - Starting service [Tomcat]
2020-03-28 19:36:01.537 [main] INFO  org.apache.catalina.core.StandardEngine - Starting Servlet engine: [Apache Tomcat/9.0.27]
2020-03-28 19:36:01.697 [main] INFO  o.a.c.core.ContainerBase.[Tomcat].[localhost].[/] - Initializing Spring embedded WebApplicationContext
2020-03-28 19:36:01.697 [main] INFO  org.springframework.web.context.ContextLoader - Root WebApplicationContext: initialization completed in 2449 ms
2020-03-28 19:36:01.941 [main] INFO  com.zaxxer.hikari.HikariDataSource - HikariPool-1 - Starting...
2020-03-28 19:36:03.589 [main] INFO  com.zaxxer.hikari.HikariDataSource - HikariPool-1 - Start completed.
2020-03-28 19:36:04.221 [main] INFO  s.d.s.w.PropertySourcedRequestMappingHandlerMapping - Mapped URL path [/v2/api-docs] onto method [springfox.documentation.swagger2.web.Swagger2Controller#getDocumentation(String, HttpServletRequest)]
2020-03-28 19:36:04.342 [main] INFO  o.s.scheduling.concurrent.ThreadPoolTaskExecutor - Initializing ExecutorService 'applicationTaskExecutor'
2020-03-28 19:36:05.038 [main] INFO  s.d.s.web.plugins.DocumentationPluginsBootstrapper - Context refreshed
2020-03-28 19:36:05.052 [main] INFO  s.d.s.web.plugins.DocumentationPluginsBootstrapper - Found 1 custom documentation plugin(s)
2020-03-28 19:36:05.108 [main] INFO  s.d.spring.web.scanners.ApiListingReferenceScanner - Scanning for api listing references
2020-03-28 19:36:05.376 [main] INFO  org.apache.coyote.http11.Http11NioProtocol - Starting ProtocolHandler ["http-nio-8001"]
2020-03-28 19:36:05.408 [main] INFO  o.s.boot.web.embedded.tomcat.TomcatWebServer - Tomcat started on port(s): 8001 (http) with context path ''
2020-03-28 19:36:05.411 [main] INFO  com.mfq.edu.App - Started App in 7.615 seconds (JVM running for 11.33)
2020-03-28 21:46:46.202 [main] INFO  com.mfq.edu.App - Starting App on mfq with PID 15284 (E:\javaProjects\online-edu-parent\service\service-edu\target\classes started by ac‘ in E:\javaProjects\online-edu-parent)
2020-03-28 21:46:46.205 [main] INFO  com.mfq.edu.App - The following profiles are active: dev
2020-03-28 21:46:47.876 [main] INFO  o.s.d.r.config.RepositoryConfigurationDelegate - Multiple Spring Data modules found, entering strict repository configuration mode!
2020-03-28 21:46:47.881 [main] INFO  o.s.d.r.config.RepositoryConfigurationDelegate - Bootstrapping Spring Data repositories in DEFAULT mode.
2020-03-28 21:46:47.911 [main] INFO  o.s.d.r.config.RepositoryConfigurationDelegate - Finished Spring Data repository scanning in 10ms. Found 0 repository interfaces.
2020-03-28 21:46:48.234 [main] INFO  o.s.c.s.PostProcessorRegistrationDelegate$BeanPostProcessorChecker - Bean 'org.springframework.transaction.annotation.ProxyTransactionManagementConfiguration' of type [org.springframework.transaction.annotation.ProxyTransactionManagementConfiguration] is not eligible for getting processed by all BeanPostProcessors (for example: not eligible for auto-proxying)
2020-03-28 21:46:48.555 [main] INFO  o.s.boot.web.embedded.tomcat.TomcatWebServer - Tomcat initialized with port(s): 8001 (http)
2020-03-28 21:46:48.568 [main] INFO  org.apache.coyote.http11.Http11NioProtocol - Initializing ProtocolHandler ["http-nio-8001"]
2020-03-28 21:46:48.569 [main] INFO  org.apache.catalina.core.StandardService - Starting service [Tomcat]
2020-03-28 21:46:48.569 [main] INFO  org.apache.catalina.core.StandardEngine - Starting Servlet engine: [Apache Tomcat/9.0.27]
2020-03-28 21:46:48.751 [main] INFO  o.a.c.core.ContainerBase.[Tomcat].[localhost].[/] - Initializing Spring embedded WebApplicationContext
2020-03-28 21:46:48.752 [main] INFO  org.springframework.web.context.ContextLoader - Root WebApplicationContext: initialization completed in 2435 ms
2020-03-28 21:46:49.135 [main] INFO  com.zaxxer.hikari.HikariDataSource - HikariPool-1 - Starting...
2020-03-28 21:46:51.458 [main] INFO  com.zaxxer.hikari.HikariDataSource - HikariPool-1 - Start completed.
2020-03-28 21:46:52.189 [main] INFO  s.d.s.w.PropertySourcedRequestMappingHandlerMapping - Mapped URL path [/v2/api-docs] onto method [springfox.documentation.swagger2.web.Swagger2Controller#getDocumentation(String, HttpServletRequest)]
2020-03-28 21:46:52.367 [main] INFO  o.s.scheduling.concurrent.ThreadPoolTaskExecutor - Initializing ExecutorService 'applicationTaskExecutor'
2020-03-28 21:46:53.001 [main] INFO  s.d.s.web.plugins.DocumentationPluginsBootstrapper - Context refreshed
2020-03-28 21:46:53.018 [main] INFO  s.d.s.web.plugins.DocumentationPluginsBootstrapper - Found 1 custom documentation plugin(s)
2020-03-28 21:46:53.081 [main] INFO  s.d.spring.web.scanners.ApiListingReferenceScanner - Scanning for api listing references
2020-03-28 21:46:53.284 [main] INFO  org.apache.coyote.http11.Http11NioProtocol - Starting ProtocolHandler ["http-nio-8001"]
2020-03-28 21:46:53.347 [main] INFO  o.s.boot.web.embedded.tomcat.TomcatWebServer - Tomcat started on port(s): 8001 (http) with context path ''
2020-03-28 21:46:53.352 [main] INFO  com.mfq.edu.App - Started App in 8.163 seconds (JVM running for 12.316)
2020-03-28 21:48:46.207 [http-nio-8001-exec-1] INFO  o.a.c.core.ContainerBase.[Tomcat].[localhost].[/] - Initializing Spring DispatcherServlet 'dispatcherServlet'
2020-03-28 21:48:46.208 [http-nio-8001-exec-1] INFO  org.springframework.web.servlet.DispatcherServlet - Initializing Servlet 'dispatcherServlet'
2020-03-28 21:48:46.227 [http-nio-8001-exec-1] INFO  org.springframework.web.servlet.DispatcherServlet - Completed initialization in 19 ms
2020-03-28 21:48:55.033 [http-nio-8001-exec-2] INFO  org.apache.tomcat.util.http.parser.Cookie - A cookie header was received [1577099761; Webstorm-cc5b0495=8e8063d8-0841-47be-bfb6-17397f876e38; sidebarStatus=1] that contained an invalid cookie. That cookie will be ignored.
 Note: further occurrences of this error will be logged at DEBUG level.
2020-03-28 21:49:51.895 [main] INFO  com.mfq.edu.App - Starting App on mfq with PID 1504 (E:\javaProjects\online-edu-parent\service\service-edu\target\classes started by ac‘ in E:\javaProjects\online-edu-parent)
2020-03-28 21:49:51.905 [main] INFO  com.mfq.edu.App - The following profiles are active: dev
2020-03-28 21:49:53.404 [main] INFO  o.s.d.r.config.RepositoryConfigurationDelegate - Multiple Spring Data modules found, entering strict repository configuration mode!
2020-03-28 21:49:53.406 [main] INFO  o.s.d.r.config.RepositoryConfigurationDelegate - Bootstrapping Spring Data repositories in DEFAULT mode.
2020-03-28 21:49:53.432 [main] INFO  o.s.d.r.config.RepositoryConfigurationDelegate - Finished Spring Data repository scanning in 10ms. Found 0 repository interfaces.
2020-03-28 21:49:53.796 [main] INFO  o.s.c.s.PostProcessorRegistrationDelegate$BeanPostProcessorChecker - Bean 'org.springframework.transaction.annotation.ProxyTransactionManagementConfiguration' of type [org.springframework.transaction.annotation.ProxyTransactionManagementConfiguration] is not eligible for getting processed by all BeanPostProcessors (for example: not eligible for auto-proxying)
2020-03-28 21:49:54.213 [main] INFO  o.s.boot.web.embedded.tomcat.TomcatWebServer - Tomcat initialized with port(s): 8001 (http)
2020-03-28 21:49:54.225 [main] INFO  org.apache.coyote.http11.Http11NioProtocol - Initializing ProtocolHandler ["http-nio-8001"]
2020-03-28 21:49:54.226 [main] INFO  org.apache.catalina.core.StandardService - Starting service [Tomcat]
2020-03-28 21:49:54.233 [main] INFO  org.apache.catalina.core.StandardEngine - Starting Servlet engine: [Apache Tomcat/9.0.27]
2020-03-28 21:49:54.408 [main] INFO  o.a.c.core.ContainerBase.[Tomcat].[localhost].[/] - Initializing Spring embedded WebApplicationContext
2020-03-28 21:49:54.408 [main] INFO  org.springframework.web.context.ContextLoader - Root WebApplicationContext: initialization completed in 2384 ms
2020-03-28 21:49:54.680 [main] INFO  com.zaxxer.hikari.HikariDataSource - HikariPool-1 - Starting...
2020-03-28 21:49:56.225 [main] INFO  com.zaxxer.hikari.HikariDataSource - HikariPool-1 - Start completed.
2020-03-28 21:49:56.737 [main] INFO  s.d.s.w.PropertySourcedRequestMappingHandlerMapping - Mapped URL path [/v2/api-docs] onto method [springfox.documentation.swagger2.web.Swagger2Controller#getDocumentation(String, HttpServletRequest)]
2020-03-28 21:49:56.862 [main] INFO  o.s.scheduling.concurrent.ThreadPoolTaskExecutor - Initializing ExecutorService 'applicationTaskExecutor'
2020-03-28 21:49:57.329 [main] INFO  s.d.s.web.plugins.DocumentationPluginsBootstrapper - Context refreshed
2020-03-28 21:49:57.344 [main] INFO  s.d.s.web.plugins.DocumentationPluginsBootstrapper - Found 1 custom documentation plugin(s)
2020-03-28 21:49:57.395 [main] INFO  s.d.spring.web.scanners.ApiListingReferenceScanner - Scanning for api listing references
2020-03-28 21:49:57.581 [main] INFO  org.apache.coyote.http11.Http11NioProtocol - Starting ProtocolHandler ["http-nio-8001"]
2020-03-28 21:49:57.607 [main] INFO  o.s.boot.web.embedded.tomcat.TomcatWebServer - Tomcat started on port(s): 8001 (http) with context path ''
2020-03-28 21:49:57.610 [main] INFO  com.mfq.edu.App - Started App in 6.571 seconds (JVM running for 8.89)
2020-03-28 21:50:02.174 [http-nio-8001-exec-1] INFO  org.apache.tomcat.util.http.parser.Cookie - A cookie header was received [1577099761; Webstorm-cc5b0495=8e8063d8-0841-47be-bfb6-17397f876e38; sidebarStatus=1] that contained an invalid cookie. That cookie will be ignored.
 Note: further occurrences of this error will be logged at DEBUG level.
2020-03-28 21:50:02.184 [http-nio-8001-exec-1] INFO  o.a.c.core.ContainerBase.[Tomcat].[localhost].[/] - Initializing Spring DispatcherServlet 'dispatcherServlet'
2020-03-28 21:50:02.184 [http-nio-8001-exec-1] INFO  org.springframework.web.servlet.DispatcherServlet - Initializing Servlet 'dispatcherServlet'
2020-03-28 21:50:02.193 [http-nio-8001-exec-1] INFO  org.springframework.web.servlet.DispatcherServlet - Completed initialization in 9 ms
2020-03-28 22:41:03.793 [main] INFO  com.mfq.edu.App - Starting App on mfq with PID 1488 (E:\javaProjects\online-edu-parent\service\service-edu\target\classes started by ac‘ in E:\javaProjects\online-edu-parent)
2020-03-28 22:41:03.798 [main] INFO  com.mfq.edu.App - The following profiles are active: dev
2020-03-28 22:41:05.893 [main] INFO  o.s.d.r.config.RepositoryConfigurationDelegate - Multiple Spring Data modules found, entering strict repository configuration mode!
2020-03-28 22:41:05.895 [main] INFO  o.s.d.r.config.RepositoryConfigurationDelegate - Bootstrapping Spring Data repositories in DEFAULT mode.
2020-03-28 22:41:05.920 [main] INFO  o.s.d.r.config.RepositoryConfigurationDelegate - Finished Spring Data repository scanning in 10ms. Found 0 repository interfaces.
2020-03-28 22:41:06.219 [main] INFO  o.s.c.s.PostProcessorRegistrationDelegate$BeanPostProcessorChecker - Bean 'org.springframework.transaction.annotation.ProxyTransactionManagementConfiguration' of type [org.springframework.transaction.annotation.ProxyTransactionManagementConfiguration] is not eligible for getting processed by all BeanPostProcessors (for example: not eligible for auto-proxying)
2020-03-28 22:41:06.522 [main] INFO  o.s.boot.web.embedded.tomcat.TomcatWebServer - Tomcat initialized with port(s): 8001 (http)
2020-03-28 22:41:06.531 [main] INFO  org.apache.coyote.http11.Http11NioProtocol - Initializing ProtocolHandler ["http-nio-8001"]
2020-03-28 22:41:06.532 [main] INFO  org.apache.catalina.core.StandardService - Starting service [Tomcat]
2020-03-28 22:41:06.532 [main] INFO  org.apache.catalina.core.StandardEngine - Starting Servlet engine: [Apache Tomcat/9.0.27]
2020-03-28 22:41:06.668 [main] INFO  o.a.c.core.ContainerBase.[Tomcat].[localhost].[/] - Initializing Spring embedded WebApplicationContext
2020-03-28 22:41:06.668 [main] INFO  org.springframework.web.context.ContextLoader - Root WebApplicationContext: initialization completed in 2759 ms
2020-03-28 22:41:06.889 [main] INFO  com.zaxxer.hikari.HikariDataSource - HikariPool-1 - Starting...
2020-03-28 22:41:08.493 [main] INFO  com.zaxxer.hikari.HikariDataSource - HikariPool-1 - Start completed.
2020-03-28 22:41:08.996 [main] INFO  s.d.s.w.PropertySourcedRequestMappingHandlerMapping - Mapped URL path [/v2/api-docs] onto method [springfox.documentation.swagger2.web.Swagger2Controller#getDocumentation(String, HttpServletRequest)]
2020-03-28 22:41:09.135 [main] INFO  o.s.scheduling.concurrent.ThreadPoolTaskExecutor - Initializing ExecutorService 'applicationTaskExecutor'
2020-03-28 22:41:09.653 [main] INFO  s.d.s.web.plugins.DocumentationPluginsBootstrapper - Context refreshed
2020-03-28 22:41:09.671 [main] INFO  s.d.s.web.plugins.DocumentationPluginsBootstrapper - Found 1 custom documentation plugin(s)
2020-03-28 22:41:09.729 [main] INFO  s.d.spring.web.scanners.ApiListingReferenceScanner - Scanning for api listing references
2020-03-28 22:41:09.921 [main] INFO  org.apache.coyote.http11.Http11NioProtocol - Starting ProtocolHandler ["http-nio-8001"]
2020-03-28 22:41:09.945 [main] INFO  o.s.boot.web.embedded.tomcat.TomcatWebServer - Tomcat started on port(s): 8001 (http) with context path ''
2020-03-28 22:41:09.949 [main] INFO  com.mfq.edu.App - Started App in 7.259 seconds (JVM running for 9.757)
2020-03-28 22:41:12.018 [http-nio-8001-exec-1] INFO  o.a.c.core.ContainerBase.[Tomcat].[localhost].[/] - Initializing Spring DispatcherServlet 'dispatcherServlet'
2020-03-28 22:41:12.019 [http-nio-8001-exec-1] INFO  org.springframework.web.servlet.DispatcherServlet - Initializing Servlet 'dispatcherServlet'
2020-03-28 22:41:12.031 [http-nio-8001-exec-1] INFO  org.springframework.web.servlet.DispatcherServlet - Completed initialization in 12 ms
2020-03-28 22:44:57.090 [main] INFO  com.mfq.edu.App - Starting App on mfq with PID 35768 (E:\javaProjects\online-edu-parent\service\service-edu\target\classes started by ac‘ in E:\javaProjects\online-edu-parent)
2020-03-28 22:44:57.094 [main] INFO  com.mfq.edu.App - The following profiles are active: dev
2020-03-28 22:44:59.110 [main] INFO  o.s.d.r.config.RepositoryConfigurationDelegate - Multiple Spring Data modules found, entering strict repository configuration mode!
2020-03-28 22:44:59.113 [main] INFO  o.s.d.r.config.RepositoryConfigurationDelegate - Bootstrapping Spring Data repositories in DEFAULT mode.
2020-03-28 22:44:59.146 [main] INFO  o.s.d.r.config.RepositoryConfigurationDelegate - Finished Spring Data repository scanning in 9ms. Found 0 repository interfaces.
2020-03-28 22:44:59.481 [main] INFO  o.s.c.s.PostProcessorRegistrationDelegate$BeanPostProcessorChecker - Bean 'org.springframework.transaction.annotation.ProxyTransactionManagementConfiguration' of type [org.springframework.transaction.annotation.ProxyTransactionManagementConfiguration] is not eligible for getting processed by all BeanPostProcessors (for example: not eligible for auto-proxying)
2020-03-28 22:44:59.783 [main] INFO  o.s.boot.web.embedded.tomcat.TomcatWebServer - Tomcat initialized with port(s): 8001 (http)
2020-03-28 22:44:59.792 [main] INFO  org.apache.coyote.http11.Http11NioProtocol - Initializing ProtocolHandler ["http-nio-8001"]
2020-03-28 22:44:59.793 [main] INFO  org.apache.catalina.core.StandardService - Starting service [Tomcat]
2020-03-28 22:44:59.793 [main] INFO  org.apache.catalina.core.StandardEngine - Starting Servlet engine: [Apache Tomcat/9.0.27]
2020-03-28 22:44:59.929 [main] INFO  o.a.c.core.ContainerBase.[Tomcat].[localhost].[/] - Initializing Spring embedded WebApplicationContext
2020-03-28 22:44:59.930 [main] INFO  org.springframework.web.context.ContextLoader - Root WebApplicationContext: initialization completed in 2682 ms
2020-03-28 22:45:00.182 [main] INFO  com.zaxxer.hikari.HikariDataSource - HikariPool-1 - Starting...
2020-03-28 22:45:01.853 [main] INFO  com.zaxxer.hikari.HikariDataSource - HikariPool-1 - Start completed.
2020-03-28 22:45:02.376 [main] INFO  s.d.s.w.PropertySourcedRequestMappingHandlerMapping - Mapped URL path [/v2/api-docs] onto method [springfox.documentation.swagger2.web.Swagger2Controller#getDocumentation(String, HttpServletRequest)]
2020-03-28 22:45:02.501 [main] INFO  o.s.scheduling.concurrent.ThreadPoolTaskExecutor - Initializing ExecutorService 'applicationTaskExecutor'
2020-03-28 22:45:02.995 [main] INFO  s.d.s.web.plugins.DocumentationPluginsBootstrapper - Context refreshed
2020-03-28 22:45:03.011 [main] INFO  s.d.s.web.plugins.DocumentationPluginsBootstrapper - Found 1 custom documentation plugin(s)
2020-03-28 22:45:03.064 [main] INFO  s.d.spring.web.scanners.ApiListingReferenceScanner - Scanning for api listing references
2020-03-28 22:45:03.241 [main] INFO  org.apache.coyote.http11.Http11NioProtocol - Starting ProtocolHandler ["http-nio-8001"]
2020-03-28 22:45:03.267 [main] INFO  o.s.boot.web.embedded.tomcat.TomcatWebServer - Tomcat started on port(s): 8001 (http) with context path ''
2020-03-28 22:45:03.269 [main] INFO  com.mfq.edu.App - Started App in 6.986 seconds (JVM running for 9.476)
2020-03-28 22:45:14.735 [http-nio-8001-exec-1] INFO  o.a.c.core.ContainerBase.[Tomcat].[localhost].[/] - Initializing Spring DispatcherServlet 'dispatcherServlet'
2020-03-28 22:45:14.736 [http-nio-8001-exec-1] INFO  org.springframework.web.servlet.DispatcherServlet - Initializing Servlet 'dispatcherServlet'
2020-03-28 22:45:14.747 [http-nio-8001-exec-1] INFO  org.springframework.web.servlet.DispatcherServlet - Completed initialization in 11 ms
2020-03-28 23:36:43.431 [http-nio-8001-exec-9] INFO  org.apache.tomcat.util.http.parser.Cookie - A cookie header was received [1577099761; Webstorm-cc5b0495=8e8063d8-0841-47be-bfb6-17397f876e38; Admin-Token=admin; sidebarStatus=1] that contained an invalid cookie. That cookie will be ignored.
 Note: further occurrences of this error will be logged at DEBUG level.
