2020-03-31 00:27:43.176 [main] INFO  com.mfq.edu.App - Starting App on mfq with PID 15896 (E:\javaProjects\online-edu-parent\service\service-edu\target\classes started by ac‘ in E:\javaProjects\online-edu-parent)
2020-03-31 00:27:43.260 [main] INFO  com.mfq.edu.App - The following profiles are active: dev
2020-03-31 00:27:44.576 [main] INFO  o.s.d.r.config.RepositoryConfigurationDelegate - Multiple Spring Data modules found, entering strict repository configuration mode!
2020-03-31 00:27:44.578 [main] INFO  o.s.d.r.config.RepositoryConfigurationDelegate - Bootstrapping Spring Data repositories in DEFAULT mode.
2020-03-31 00:27:44.627 [main] INFO  o.s.d.r.config.RepositoryConfigurationDelegate - Finished Spring Data repository scanning in 32ms. Found 0 repository interfaces.
2020-03-31 00:27:44.949 [main] INFO  o.s.c.s.PostProcessorRegistrationDelegate$BeanPostProcessorChecker - Bean 'org.springframework.transaction.annotation.ProxyTransactionManagementConfiguration' of type [org.springframework.transaction.annotation.ProxyTransactionManagementConfiguration] is not eligible for getting processed by all BeanPostProcessors (for example: not eligible for auto-proxying)
2020-03-31 00:27:45.255 [main] INFO  o.s.boot.web.embedded.tomcat.TomcatWebServer - Tomcat initialized with port(s): 8001 (http)
2020-03-31 00:27:45.266 [main] INFO  org.apache.coyote.http11.Http11NioProtocol - Initializing ProtocolHandler ["http-nio-8001"]
2020-03-31 00:27:45.266 [main] INFO  org.apache.catalina.core.StandardService - Starting service [Tomcat]
2020-03-31 00:27:45.267 [main] INFO  org.apache.catalina.core.StandardEngine - Starting Servlet engine: [Apache Tomcat/9.0.27]
2020-03-31 00:27:45.404 [main] INFO  o.a.c.core.ContainerBase.[Tomcat].[localhost].[/] - Initializing Spring embedded WebApplicationContext
2020-03-31 00:27:45.405 [main] INFO  org.springframework.web.context.ContextLoader - Root WebApplicationContext: initialization completed in 2087 ms
2020-03-31 00:27:45.633 [main] INFO  com.zaxxer.hikari.HikariDataSource - HikariPool-1 - Starting...
2020-03-31 00:27:47.245 [main] INFO  com.zaxxer.hikari.HikariDataSource - HikariPool-1 - Start completed.
2020-03-31 00:27:48.082 [main] INFO  s.d.s.w.PropertySourcedRequestMappingHandlerMapping - Mapped URL path [/v2/api-docs] onto method [springfox.documentation.swagger2.web.Swagger2Controller#getDocumentation(String, HttpServletRequest)]
2020-03-31 00:27:48.190 [main] INFO  o.s.scheduling.concurrent.ThreadPoolTaskExecutor - Initializing ExecutorService 'applicationTaskExecutor'
2020-03-31 00:27:48.682 [main] INFO  s.d.s.web.plugins.DocumentationPluginsBootstrapper - Context refreshed
2020-03-31 00:27:48.699 [main] INFO  s.d.s.web.plugins.DocumentationPluginsBootstrapper - Found 1 custom documentation plugin(s)
2020-03-31 00:27:48.754 [main] INFO  s.d.spring.web.scanners.ApiListingReferenceScanner - Scanning for api listing references
2020-03-31 00:27:48.977 [main] INFO  org.apache.coyote.http11.Http11NioProtocol - Starting ProtocolHandler ["http-nio-8001"]
2020-03-31 00:27:49.001 [main] INFO  o.s.boot.web.embedded.tomcat.TomcatWebServer - Tomcat started on port(s): 8001 (http) with context path ''
2020-03-31 00:27:49.004 [main] INFO  com.mfq.edu.App - Started App in 6.727 seconds (JVM running for 9.197)
2020-03-31 10:18:46.564 [http-nio-8001-exec-2] INFO  o.a.c.core.ContainerBase.[Tomcat].[localhost].[/] - Initializing Spring DispatcherServlet 'dispatcherServlet'
2020-03-31 10:18:46.564 [http-nio-8001-exec-2] INFO  org.springframework.web.servlet.DispatcherServlet - Initializing Servlet 'dispatcherServlet'
2020-03-31 10:18:46.571 [http-nio-8001-exec-2] INFO  org.springframework.web.servlet.DispatcherServlet - Completed initialization in 7 ms
2020-03-31 13:47:39.294 [main] INFO  com.mfq.edu.App - Starting App on mfq with PID 15720 (E:\javaProjects\online-edu-parent\service\service-edu\target\classes started by ac‘ in E:\javaProjects\online-edu-parent)
2020-03-31 13:47:39.298 [main] INFO  com.mfq.edu.App - The following profiles are active: dev
2020-03-31 13:47:40.846 [main] INFO  o.s.d.r.config.RepositoryConfigurationDelegate - Multiple Spring Data modules found, entering strict repository configuration mode!
2020-03-31 13:47:40.849 [main] INFO  o.s.d.r.config.RepositoryConfigurationDelegate - Bootstrapping Spring Data repositories in DEFAULT mode.
2020-03-31 13:47:40.877 [main] INFO  o.s.d.r.config.RepositoryConfigurationDelegate - Finished Spring Data repository scanning in 13ms. Found 0 repository interfaces.
2020-03-31 13:47:41.172 [main] INFO  o.s.c.s.PostProcessorRegistrationDelegate$BeanPostProcessorChecker - Bean 'org.springframework.transaction.annotation.ProxyTransactionManagementConfiguration' of type [org.springframework.transaction.annotation.ProxyTransactionManagementConfiguration] is not eligible for getting processed by all BeanPostProcessors (for example: not eligible for auto-proxying)
2020-03-31 13:47:41.450 [main] INFO  o.s.boot.web.embedded.tomcat.TomcatWebServer - Tomcat initialized with port(s): 8001 (http)
2020-03-31 13:47:41.459 [main] INFO  org.apache.coyote.http11.Http11NioProtocol - Initializing ProtocolHandler ["http-nio-8001"]
2020-03-31 13:47:41.460 [main] INFO  org.apache.catalina.core.StandardService - Starting service [Tomcat]
2020-03-31 13:47:41.460 [main] INFO  org.apache.catalina.core.StandardEngine - Starting Servlet engine: [Apache Tomcat/9.0.27]
2020-03-31 13:47:41.589 [main] INFO  o.a.c.core.ContainerBase.[Tomcat].[localhost].[/] - Initializing Spring embedded WebApplicationContext
2020-03-31 13:47:41.590 [main] INFO  org.springframework.web.context.ContextLoader - Root WebApplicationContext: initialization completed in 2213 ms
2020-03-31 13:47:41.840 [main] INFO  com.zaxxer.hikari.HikariDataSource - HikariPool-1 - Starting...
2020-03-31 13:47:43.511 [main] INFO  com.zaxxer.hikari.HikariDataSource - HikariPool-1 - Start completed.
2020-03-31 13:47:44.135 [main] INFO  s.d.s.w.PropertySourcedRequestMappingHandlerMapping - Mapped URL path [/v2/api-docs] onto method [springfox.documentation.swagger2.web.Swagger2Controller#getDocumentation(String, HttpServletRequest)]
2020-03-31 13:47:44.255 [main] INFO  o.s.scheduling.concurrent.ThreadPoolTaskExecutor - Initializing ExecutorService 'applicationTaskExecutor'
2020-03-31 13:47:44.795 [main] INFO  s.d.s.web.plugins.DocumentationPluginsBootstrapper - Context refreshed
2020-03-31 13:47:44.809 [main] INFO  s.d.s.web.plugins.DocumentationPluginsBootstrapper - Found 1 custom documentation plugin(s)
2020-03-31 13:47:44.858 [main] INFO  s.d.spring.web.scanners.ApiListingReferenceScanner - Scanning for api listing references
2020-03-31 13:47:45.048 [main] INFO  org.apache.coyote.http11.Http11NioProtocol - Starting ProtocolHandler ["http-nio-8001"]
2020-03-31 13:47:45.074 [main] INFO  o.s.boot.web.embedded.tomcat.TomcatWebServer - Tomcat started on port(s): 8001 (http) with context path ''
2020-03-31 13:47:45.077 [main] INFO  com.mfq.edu.App - Started App in 6.843 seconds (JVM running for 9.252)
2020-03-31 13:48:10.362 [http-nio-8001-exec-1] INFO  o.a.c.core.ContainerBase.[Tomcat].[localhost].[/] - Initializing Spring DispatcherServlet 'dispatcherServlet'
2020-03-31 13:48:10.362 [http-nio-8001-exec-1] INFO  org.springframework.web.servlet.DispatcherServlet - Initializing Servlet 'dispatcherServlet'
2020-03-31 13:48:10.369 [http-nio-8001-exec-1] INFO  org.springframework.web.servlet.DispatcherServlet - Completed initialization in 7 ms
2020-03-31 13:51:52.871 [main] INFO  com.mfq.edu.App - Starting App on mfq with PID 9848 (E:\javaProjects\online-edu-parent\service\service-edu\target\classes started by ac‘ in E:\javaProjects\online-edu-parent)
2020-03-31 13:51:52.877 [main] INFO  com.mfq.edu.App - The following profiles are active: dev
2020-03-31 13:51:54.376 [main] INFO  o.s.d.r.config.RepositoryConfigurationDelegate - Multiple Spring Data modules found, entering strict repository configuration mode!
2020-03-31 13:51:54.379 [main] INFO  o.s.d.r.config.RepositoryConfigurationDelegate - Bootstrapping Spring Data repositories in DEFAULT mode.
2020-03-31 13:51:54.417 [main] INFO  o.s.d.r.config.RepositoryConfigurationDelegate - Finished Spring Data repository scanning in 18ms. Found 0 repository interfaces.
2020-03-31 13:51:54.769 [main] INFO  o.s.c.s.PostProcessorRegistrationDelegate$BeanPostProcessorChecker - Bean 'org.springframework.transaction.annotation.ProxyTransactionManagementConfiguration' of type [org.springframework.transaction.annotation.ProxyTransactionManagementConfiguration] is not eligible for getting processed by all BeanPostProcessors (for example: not eligible for auto-proxying)
2020-03-31 13:51:55.116 [main] INFO  o.s.boot.web.embedded.tomcat.TomcatWebServer - Tomcat initialized with port(s): 8001 (http)
2020-03-31 13:51:55.127 [main] INFO  org.apache.coyote.http11.Http11NioProtocol - Initializing ProtocolHandler ["http-nio-8001"]
2020-03-31 13:51:55.128 [main] INFO  org.apache.catalina.core.StandardService - Starting service [Tomcat]
2020-03-31 13:51:55.129 [main] INFO  org.apache.catalina.core.StandardEngine - Starting Servlet engine: [Apache Tomcat/9.0.27]
2020-03-31 13:51:55.279 [main] INFO  o.a.c.core.ContainerBase.[Tomcat].[localhost].[/] - Initializing Spring embedded WebApplicationContext
2020-03-31 13:51:55.279 [main] INFO  org.springframework.web.context.ContextLoader - Root WebApplicationContext: initialization completed in 2229 ms
2020-03-31 13:51:55.612 [main] INFO  com.zaxxer.hikari.HikariDataSource - HikariPool-1 - Starting...
2020-03-31 13:51:57.140 [main] INFO  com.zaxxer.hikari.HikariDataSource - HikariPool-1 - Start completed.
2020-03-31 13:51:58.400 [main] INFO  s.d.s.w.PropertySourcedRequestMappingHandlerMapping - Mapped URL path [/v2/api-docs] onto method [springfox.documentation.swagger2.web.Swagger2Controller#getDocumentation(String, HttpServletRequest)]
2020-03-31 13:51:58.674 [main] INFO  o.s.scheduling.concurrent.ThreadPoolTaskExecutor - Initializing ExecutorService 'applicationTaskExecutor'
2020-03-31 13:51:59.814 [main] INFO  s.d.s.web.plugins.DocumentationPluginsBootstrapper - Context refreshed
2020-03-31 13:51:59.847 [main] INFO  s.d.s.web.plugins.DocumentationPluginsBootstrapper - Found 1 custom documentation plugin(s)
2020-03-31 13:51:59.943 [main] INFO  s.d.spring.web.scanners.ApiListingReferenceScanner - Scanning for api listing references
2020-03-31 13:52:00.325 [main] INFO  org.apache.coyote.http11.Http11NioProtocol - Starting ProtocolHandler ["http-nio-8001"]
2020-03-31 13:52:00.388 [main] INFO  o.s.boot.web.embedded.tomcat.TomcatWebServer - Tomcat started on port(s): 8001 (http) with context path ''
2020-03-31 13:52:00.393 [main] INFO  com.mfq.edu.App - Started App in 8.865 seconds (JVM running for 12.016)
2020-03-31 13:52:00.502 [http-nio-8001-exec-10] INFO  o.a.c.core.ContainerBase.[Tomcat].[localhost].[/] - Initializing Spring DispatcherServlet 'dispatcherServlet'
2020-03-31 13:52:00.503 [http-nio-8001-exec-10] INFO  org.springframework.web.servlet.DispatcherServlet - Initializing Servlet 'dispatcherServlet'
2020-03-31 13:52:00.514 [http-nio-8001-exec-10] INFO  org.springframework.web.servlet.DispatcherServlet - Completed initialization in 11 ms
2020-03-31 13:53:25.585 [SpringContextShutdownHook] INFO  o.s.scheduling.concurrent.ThreadPoolTaskExecutor - Shutting down ExecutorService 'applicationTaskExecutor'
2020-03-31 13:53:25.586 [SpringContextShutdownHook] INFO  com.zaxxer.hikari.HikariDataSource - HikariPool-1 - Shutdown initiated...
2020-03-31 13:53:25.598 [SpringContextShutdownHook] INFO  com.zaxxer.hikari.HikariDataSource - HikariPool-1 - Shutdown completed.
2020-03-31 13:53:40.421 [main] INFO  com.mfq.edu.App - Starting App on mfq with PID 6712 (E:\javaProjects\online-edu-parent\service\service-edu\target\classes started by ac‘ in E:\javaProjects\online-edu-parent)
2020-03-31 13:53:40.424 [main] INFO  com.mfq.edu.App - The following profiles are active: dev
2020-03-31 13:53:42.140 [main] INFO  o.s.d.r.config.RepositoryConfigurationDelegate - Multiple Spring Data modules found, entering strict repository configuration mode!
2020-03-31 13:53:42.146 [main] INFO  o.s.d.r.config.RepositoryConfigurationDelegate - Bootstrapping Spring Data repositories in DEFAULT mode.
2020-03-31 13:53:42.190 [main] INFO  o.s.d.r.config.RepositoryConfigurationDelegate - Finished Spring Data repository scanning in 18ms. Found 0 repository interfaces.
2020-03-31 13:53:42.499 [main] INFO  o.s.c.s.PostProcessorRegistrationDelegate$BeanPostProcessorChecker - Bean 'org.springframework.transaction.annotation.ProxyTransactionManagementConfiguration' of type [org.springframework.transaction.annotation.ProxyTransactionManagementConfiguration] is not eligible for getting processed by all BeanPostProcessors (for example: not eligible for auto-proxying)
2020-03-31 13:53:42.780 [main] INFO  o.s.boot.web.embedded.tomcat.TomcatWebServer - Tomcat initialized with port(s): 8001 (http)
2020-03-31 13:53:42.788 [main] INFO  org.apache.coyote.http11.Http11NioProtocol - Initializing ProtocolHandler ["http-nio-8001"]
2020-03-31 13:53:42.789 [main] INFO  org.apache.catalina.core.StandardService - Starting service [Tomcat]
2020-03-31 13:53:42.791 [main] INFO  org.apache.catalina.core.StandardEngine - Starting Servlet engine: [Apache Tomcat/9.0.27]
2020-03-31 13:53:42.924 [main] INFO  o.a.c.core.ContainerBase.[Tomcat].[localhost].[/] - Initializing Spring embedded WebApplicationContext
2020-03-31 13:53:42.924 [main] INFO  org.springframework.web.context.ContextLoader - Root WebApplicationContext: initialization completed in 2303 ms
2020-03-31 13:53:43.154 [main] INFO  com.zaxxer.hikari.HikariDataSource - HikariPool-1 - Starting...
2020-03-31 13:53:44.658 [main] INFO  com.zaxxer.hikari.HikariDataSource - HikariPool-1 - Start completed.
2020-03-31 13:53:45.294 [main] INFO  s.d.s.w.PropertySourcedRequestMappingHandlerMapping - Mapped URL path [/v2/api-docs] onto method [springfox.documentation.swagger2.web.Swagger2Controller#getDocumentation(String, HttpServletRequest)]
2020-03-31 13:53:45.421 [main] INFO  o.s.scheduling.concurrent.ThreadPoolTaskExecutor - Initializing ExecutorService 'applicationTaskExecutor'
2020-03-31 13:53:45.877 [main] INFO  s.d.s.web.plugins.DocumentationPluginsBootstrapper - Context refreshed
2020-03-31 13:53:45.892 [main] INFO  s.d.s.web.plugins.DocumentationPluginsBootstrapper - Found 1 custom documentation plugin(s)
2020-03-31 13:53:45.941 [main] INFO  s.d.spring.web.scanners.ApiListingReferenceScanner - Scanning for api listing references
2020-03-31 13:53:46.136 [main] INFO  org.apache.coyote.http11.Http11NioProtocol - Starting ProtocolHandler ["http-nio-8001"]
2020-03-31 13:53:46.158 [main] INFO  o.s.boot.web.embedded.tomcat.TomcatWebServer - Tomcat started on port(s): 8001 (http) with context path ''
2020-03-31 13:53:46.160 [main] INFO  com.mfq.edu.App - Started App in 6.545 seconds (JVM running for 8.731)
2020-03-31 13:54:07.949 [http-nio-8001-exec-1] INFO  o.a.c.core.ContainerBase.[Tomcat].[localhost].[/] - Initializing Spring DispatcherServlet 'dispatcherServlet'
2020-03-31 13:54:07.950 [http-nio-8001-exec-1] INFO  org.springframework.web.servlet.DispatcherServlet - Initializing Servlet 'dispatcherServlet'
2020-03-31 13:54:07.959 [http-nio-8001-exec-1] INFO  org.springframework.web.servlet.DispatcherServlet - Completed initialization in 9 ms
2020-03-31 14:49:24.190 [main] INFO  com.mfq.edu.App - Starting App on mfq with PID 33996 (E:\javaProjects\online-edu-parent\service\service-edu\target\classes started by ac‘ in E:\javaProjects\online-edu-parent)
2020-03-31 14:49:24.247 [main] INFO  com.mfq.edu.App - The following profiles are active: dev
2020-03-31 14:49:25.469 [main] INFO  o.s.d.r.config.RepositoryConfigurationDelegate - Multiple Spring Data modules found, entering strict repository configuration mode!
2020-03-31 14:49:25.471 [main] INFO  o.s.d.r.config.RepositoryConfigurationDelegate - Bootstrapping Spring Data repositories in DEFAULT mode.
2020-03-31 14:49:25.498 [main] INFO  o.s.d.r.config.RepositoryConfigurationDelegate - Finished Spring Data repository scanning in 12ms. Found 0 repository interfaces.
2020-03-31 14:49:25.796 [main] INFO  o.s.c.s.PostProcessorRegistrationDelegate$BeanPostProcessorChecker - Bean 'org.springframework.transaction.annotation.ProxyTransactionManagementConfiguration' of type [org.springframework.transaction.annotation.ProxyTransactionManagementConfiguration] is not eligible for getting processed by all BeanPostProcessors (for example: not eligible for auto-proxying)
2020-03-31 14:49:26.083 [main] INFO  o.s.boot.web.embedded.tomcat.TomcatWebServer - Tomcat initialized with port(s): 8001 (http)
2020-03-31 14:49:26.093 [main] INFO  org.apache.coyote.http11.Http11NioProtocol - Initializing ProtocolHandler ["http-nio-8001"]
2020-03-31 14:49:26.094 [main] INFO  org.apache.catalina.core.StandardService - Starting service [Tomcat]
2020-03-31 14:49:26.095 [main] INFO  org.apache.catalina.core.StandardEngine - Starting Servlet engine: [Apache Tomcat/9.0.27]
2020-03-31 14:49:26.227 [main] INFO  o.a.c.core.ContainerBase.[Tomcat].[localhost].[/] - Initializing Spring embedded WebApplicationContext
2020-03-31 14:49:26.228 [main] INFO  org.springframework.web.context.ContextLoader - Root WebApplicationContext: initialization completed in 1916 ms
2020-03-31 14:49:26.459 [main] INFO  com.zaxxer.hikari.HikariDataSource - HikariPool-1 - Starting...
2020-03-31 14:49:28.068 [main] INFO  com.zaxxer.hikari.HikariDataSource - HikariPool-1 - Start completed.
2020-03-31 14:49:29.019 [main] INFO  s.d.s.w.PropertySourcedRequestMappingHandlerMapping - Mapped URL path [/v2/api-docs] onto method [springfox.documentation.swagger2.web.Swagger2Controller#getDocumentation(String, HttpServletRequest)]
2020-03-31 14:49:29.124 [main] INFO  o.s.scheduling.concurrent.ThreadPoolTaskExecutor - Initializing ExecutorService 'applicationTaskExecutor'
2020-03-31 14:49:29.588 [main] INFO  s.d.s.web.plugins.DocumentationPluginsBootstrapper - Context refreshed
2020-03-31 14:49:29.607 [main] INFO  s.d.s.web.plugins.DocumentationPluginsBootstrapper - Found 1 custom documentation plugin(s)
2020-03-31 14:49:29.665 [main] INFO  s.d.spring.web.scanners.ApiListingReferenceScanner - Scanning for api listing references
2020-03-31 14:49:29.891 [main] INFO  org.apache.coyote.http11.Http11NioProtocol - Starting ProtocolHandler ["http-nio-8001"]
2020-03-31 14:49:29.924 [main] INFO  o.s.boot.web.embedded.tomcat.TomcatWebServer - Tomcat started on port(s): 8001 (http) with context path ''
2020-03-31 14:49:29.928 [main] INFO  com.mfq.edu.App - Started App in 6.551 seconds (JVM running for 10.39)
2020-03-31 14:49:36.015 [http-nio-8001-exec-1] INFO  o.a.c.core.ContainerBase.[Tomcat].[localhost].[/] - Initializing Spring DispatcherServlet 'dispatcherServlet'
2020-03-31 14:49:36.016 [http-nio-8001-exec-1] INFO  org.springframework.web.servlet.DispatcherServlet - Initializing Servlet 'dispatcherServlet'
2020-03-31 14:49:36.027 [http-nio-8001-exec-1] INFO  org.springframework.web.servlet.DispatcherServlet - Completed initialization in 11 ms
2020-03-31 15:06:06.775 [main] INFO  com.mfq.edu.App - Starting App on mfq with PID 6076 (E:\javaProjects\online-edu-parent\service\service-edu\target\classes started by ac‘ in E:\javaProjects\online-edu-parent)
2020-03-31 15:06:06.778 [main] INFO  com.mfq.edu.App - The following profiles are active: dev
2020-03-31 15:06:08.209 [main] INFO  o.s.d.r.config.RepositoryConfigurationDelegate - Multiple Spring Data modules found, entering strict repository configuration mode!
2020-03-31 15:06:08.211 [main] INFO  o.s.d.r.config.RepositoryConfigurationDelegate - Bootstrapping Spring Data repositories in DEFAULT mode.
2020-03-31 15:06:08.241 [main] INFO  o.s.d.r.config.RepositoryConfigurationDelegate - Finished Spring Data repository scanning in 14ms. Found 0 repository interfaces.
2020-03-31 15:06:08.538 [main] INFO  o.s.c.s.PostProcessorRegistrationDelegate$BeanPostProcessorChecker - Bean 'org.springframework.transaction.annotation.ProxyTransactionManagementConfiguration' of type [org.springframework.transaction.annotation.ProxyTransactionManagementConfiguration] is not eligible for getting processed by all BeanPostProcessors (for example: not eligible for auto-proxying)
2020-03-31 15:06:08.843 [main] INFO  o.s.boot.web.embedded.tomcat.TomcatWebServer - Tomcat initialized with port(s): 8001 (http)
2020-03-31 15:06:08.853 [main] INFO  org.apache.coyote.http11.Http11NioProtocol - Initializing ProtocolHandler ["http-nio-8001"]
2020-03-31 15:06:08.853 [main] INFO  org.apache.catalina.core.StandardService - Starting service [Tomcat]
2020-03-31 15:06:08.853 [main] INFO  org.apache.catalina.core.StandardEngine - Starting Servlet engine: [Apache Tomcat/9.0.27]
2020-03-31 15:06:08.985 [main] INFO  o.a.c.core.ContainerBase.[Tomcat].[localhost].[/] - Initializing Spring embedded WebApplicationContext
2020-03-31 15:06:08.986 [main] INFO  org.springframework.web.context.ContextLoader - Root WebApplicationContext: initialization completed in 2113 ms
2020-03-31 15:06:09.206 [main] INFO  com.zaxxer.hikari.HikariDataSource - HikariPool-1 - Starting...
2020-03-31 15:06:10.855 [main] INFO  com.zaxxer.hikari.HikariDataSource - HikariPool-1 - Start completed.
2020-03-31 15:06:11.553 [main] INFO  s.d.s.w.PropertySourcedRequestMappingHandlerMapping - Mapped URL path [/v2/api-docs] onto method [springfox.documentation.swagger2.web.Swagger2Controller#getDocumentation(String, HttpServletRequest)]
2020-03-31 15:06:11.676 [main] INFO  o.s.scheduling.concurrent.ThreadPoolTaskExecutor - Initializing ExecutorService 'applicationTaskExecutor'
2020-03-31 15:06:12.144 [main] INFO  s.d.s.web.plugins.DocumentationPluginsBootstrapper - Context refreshed
2020-03-31 15:06:12.158 [main] INFO  s.d.s.web.plugins.DocumentationPluginsBootstrapper - Found 1 custom documentation plugin(s)
2020-03-31 15:06:12.210 [main] INFO  s.d.spring.web.scanners.ApiListingReferenceScanner - Scanning for api listing references
2020-03-31 15:06:12.408 [main] INFO  org.apache.coyote.http11.Http11NioProtocol - Starting ProtocolHandler ["http-nio-8001"]
2020-03-31 15:06:12.431 [main] INFO  o.s.boot.web.embedded.tomcat.TomcatWebServer - Tomcat started on port(s): 8001 (http) with context path ''
2020-03-31 15:06:12.433 [main] INFO  com.mfq.edu.App - Started App in 6.771 seconds (JVM running for 9.271)
2020-03-31 15:06:59.123 [http-nio-8001-exec-1] INFO  o.a.c.core.ContainerBase.[Tomcat].[localhost].[/] - Initializing Spring DispatcherServlet 'dispatcherServlet'
2020-03-31 15:06:59.123 [http-nio-8001-exec-1] INFO  org.springframework.web.servlet.DispatcherServlet - Initializing Servlet 'dispatcherServlet'
2020-03-31 15:06:59.135 [http-nio-8001-exec-1] INFO  org.springframework.web.servlet.DispatcherServlet - Completed initialization in 11 ms
2020-03-31 23:48:14.002 [main] INFO  com.mfq.edu.App - Starting App on mfq with PID 1644 (E:\javaProjects\online-edu-parent\service\service-edu\target\classes started by ac‘ in E:\javaProjects\online-edu-parent)
2020-03-31 23:48:14.057 [main] INFO  com.mfq.edu.App - The following profiles are active: dev
2020-03-31 23:48:15.480 [main] INFO  o.s.d.r.config.RepositoryConfigurationDelegate - Multiple Spring Data modules found, entering strict repository configuration mode!
2020-03-31 23:48:15.483 [main] INFO  o.s.d.r.config.RepositoryConfigurationDelegate - Bootstrapping Spring Data repositories in DEFAULT mode.
2020-03-31 23:48:15.508 [main] INFO  o.s.d.r.config.RepositoryConfigurationDelegate - Finished Spring Data repository scanning in 12ms. Found 0 repository interfaces.
2020-03-31 23:48:15.804 [main] INFO  o.s.c.s.PostProcessorRegistrationDelegate$BeanPostProcessorChecker - Bean 'org.springframework.transaction.annotation.ProxyTransactionManagementConfiguration' of type [org.springframework.transaction.annotation.ProxyTransactionManagementConfiguration] is not eligible for getting processed by all BeanPostProcessors (for example: not eligible for auto-proxying)
2020-03-31 23:48:16.097 [main] INFO  o.s.boot.web.embedded.tomcat.TomcatWebServer - Tomcat initialized with port(s): 8001 (http)
2020-03-31 23:48:16.107 [main] INFO  org.apache.coyote.http11.Http11NioProtocol - Initializing ProtocolHandler ["http-nio-8001"]
2020-03-31 23:48:16.108 [main] INFO  org.apache.catalina.core.StandardService - Starting service [Tomcat]
2020-03-31 23:48:16.108 [main] INFO  org.apache.catalina.core.StandardEngine - Starting Servlet engine: [Apache Tomcat/9.0.27]
2020-03-31 23:48:16.246 [main] INFO  o.a.c.core.ContainerBase.[Tomcat].[localhost].[/] - Initializing Spring embedded WebApplicationContext
2020-03-31 23:48:16.247 [main] INFO  org.springframework.web.context.ContextLoader - Root WebApplicationContext: initialization completed in 2135 ms
2020-03-31 23:48:16.485 [main] INFO  com.zaxxer.hikari.HikariDataSource - HikariPool-1 - Starting...
2020-03-31 23:48:18.331 [main] INFO  com.zaxxer.hikari.HikariDataSource - HikariPool-1 - Start completed.
2020-03-31 23:48:19.009 [main] INFO  s.d.s.w.PropertySourcedRequestMappingHandlerMapping - Mapped URL path [/v2/api-docs] onto method [springfox.documentation.swagger2.web.Swagger2Controller#getDocumentation(String, HttpServletRequest)]
2020-03-31 23:48:19.124 [main] INFO  o.s.scheduling.concurrent.ThreadPoolTaskExecutor - Initializing ExecutorService 'applicationTaskExecutor'
2020-03-31 23:48:19.618 [main] INFO  s.d.s.web.plugins.DocumentationPluginsBootstrapper - Context refreshed
2020-03-31 23:48:19.634 [main] INFO  s.d.s.web.plugins.DocumentationPluginsBootstrapper - Found 1 custom documentation plugin(s)
2020-03-31 23:48:19.690 [main] INFO  s.d.spring.web.scanners.ApiListingReferenceScanner - Scanning for api listing references
2020-03-31 23:48:19.921 [main] INFO  org.apache.coyote.http11.Http11NioProtocol - Starting ProtocolHandler ["http-nio-8001"]
2020-03-31 23:48:19.944 [main] INFO  o.s.boot.web.embedded.tomcat.TomcatWebServer - Tomcat started on port(s): 8001 (http) with context path ''
2020-03-31 23:48:19.947 [main] INFO  com.mfq.edu.App - Started App in 6.968 seconds (JVM running for 9.823)
2020-03-31 23:49:13.349 [http-nio-8001-exec-1] INFO  o.a.c.core.ContainerBase.[Tomcat].[localhost].[/] - Initializing Spring DispatcherServlet 'dispatcherServlet'
2020-03-31 23:49:13.350 [http-nio-8001-exec-1] INFO  org.springframework.web.servlet.DispatcherServlet - Initializing Servlet 'dispatcherServlet'
2020-03-31 23:49:13.358 [http-nio-8001-exec-1] INFO  org.springframework.web.servlet.DispatcherServlet - Completed initialization in 8 ms
2020-03-31 23:51:04.016 [main] INFO  com.mfq.edu.App - Starting App on mfq with PID 30852 (E:\javaProjects\online-edu-parent\service\service-edu\target\classes started by ac‘ in E:\javaProjects\online-edu-parent)
2020-03-31 23:51:04.019 [main] INFO  com.mfq.edu.App - The following profiles are active: dev
2020-03-31 23:51:05.524 [main] INFO  o.s.d.r.config.RepositoryConfigurationDelegate - Multiple Spring Data modules found, entering strict repository configuration mode!
2020-03-31 23:51:05.526 [main] INFO  o.s.d.r.config.RepositoryConfigurationDelegate - Bootstrapping Spring Data repositories in DEFAULT mode.
2020-03-31 23:51:05.572 [main] INFO  o.s.d.r.config.RepositoryConfigurationDelegate - Finished Spring Data repository scanning in 25ms. Found 0 repository interfaces.
2020-03-31 23:51:05.925 [main] INFO  o.s.c.s.PostProcessorRegistrationDelegate$BeanPostProcessorChecker - Bean 'org.springframework.transaction.annotation.ProxyTransactionManagementConfiguration' of type [org.springframework.transaction.annotation.ProxyTransactionManagementConfiguration] is not eligible for getting processed by all BeanPostProcessors (for example: not eligible for auto-proxying)
2020-03-31 23:51:06.352 [main] INFO  o.s.boot.web.embedded.tomcat.TomcatWebServer - Tomcat initialized with port(s): 8001 (http)
2020-03-31 23:51:06.366 [main] INFO  org.apache.coyote.http11.Http11NioProtocol - Initializing ProtocolHandler ["http-nio-8001"]
2020-03-31 23:51:06.367 [main] INFO  org.apache.catalina.core.StandardService - Starting service [Tomcat]
2020-03-31 23:51:06.368 [main] INFO  org.apache.catalina.core.StandardEngine - Starting Servlet engine: [Apache Tomcat/9.0.27]
2020-03-31 23:51:06.565 [main] INFO  o.a.c.core.ContainerBase.[Tomcat].[localhost].[/] - Initializing Spring embedded WebApplicationContext
2020-03-31 23:51:06.566 [main] INFO  org.springframework.web.context.ContextLoader - Root WebApplicationContext: initialization completed in 2495 ms
2020-03-31 23:51:06.893 [main] INFO  com.zaxxer.hikari.HikariDataSource - HikariPool-1 - Starting...
2020-03-31 23:51:08.467 [main] INFO  com.zaxxer.hikari.HikariDataSource - HikariPool-1 - Start completed.
2020-03-31 23:51:09.203 [main] INFO  s.d.s.w.PropertySourcedRequestMappingHandlerMapping - Mapped URL path [/v2/api-docs] onto method [springfox.documentation.swagger2.web.Swagger2Controller#getDocumentation(String, HttpServletRequest)]
2020-03-31 23:51:09.348 [main] INFO  o.s.scheduling.concurrent.ThreadPoolTaskExecutor - Initializing ExecutorService 'applicationTaskExecutor'
2020-03-31 23:51:09.983 [main] INFO  s.d.s.web.plugins.DocumentationPluginsBootstrapper - Context refreshed
2020-03-31 23:51:10.006 [main] INFO  s.d.s.web.plugins.DocumentationPluginsBootstrapper - Found 1 custom documentation plugin(s)
2020-03-31 23:51:10.081 [main] INFO  s.d.spring.web.scanners.ApiListingReferenceScanner - Scanning for api listing references
2020-03-31 23:51:10.415 [main] INFO  org.apache.coyote.http11.Http11NioProtocol - Starting ProtocolHandler ["http-nio-8001"]
2020-03-31 23:51:10.444 [main] INFO  o.s.boot.web.embedded.tomcat.TomcatWebServer - Tomcat started on port(s): 8001 (http) with context path ''
2020-03-31 23:51:10.447 [main] INFO  com.mfq.edu.App - Started App in 7.631 seconds (JVM running for 10.594)
2020-03-31 23:51:41.954 [http-nio-8001-exec-1] INFO  o.a.c.core.ContainerBase.[Tomcat].[localhost].[/] - Initializing Spring DispatcherServlet 'dispatcherServlet'
2020-03-31 23:51:41.954 [http-nio-8001-exec-1] INFO  org.springframework.web.servlet.DispatcherServlet - Initializing Servlet 'dispatcherServlet'
2020-03-31 23:51:41.963 [http-nio-8001-exec-1] INFO  org.springframework.web.servlet.DispatcherServlet - Completed initialization in 8 ms
